<?xml version="1.0" encoding="UTF-8"?>
<!-- Generated by org.testng.reporters.JUnitReportReporter -->
<testsuite hostname="maydar-N56VZ" name="tests.FrontendTests.UserSessionTest" tests="1" failures="0" timestamp="23 Oct 2013 16:53:52 GMT" time="0.002" errors="0">
  <testcase name="createUserSessionTest" time="0.002" classname="tests.FrontendTests.UserSessionTest"/>
</testsuite> <!-- tests.FrontendTests.UserSessionTest -->
