<?xml version="1.0" encoding="UTF-8"?>
<!-- Generated by org.testng.reporters.JUnitReportReporter -->
<testsuite hostname="maydar-N56VZ" name="tests.MessageSystemTests.MessageSystemImplTest" tests="2" failures="0" timestamp="23 Oct 2013 16:53:52 GMT" time="0.002" errors="0">
  <testcase name="testSendMessage" time="0.001" classname="tests.MessageSystemTests.MessageSystemImplTest"/>
  <testcase name="testAddServiceAndGetQueue" time="0.001" classname="tests.MessageSystemTests.MessageSystemImplTest"/>
</testsuite> <!-- tests.MessageSystemTests.MessageSystemImplTest -->
