<?xml version="1.0" encoding="UTF-8"?>
<!-- Generated by org.testng.reporters.JUnitReportReporter -->
<testsuite hostname="maydar-N56VZ" name="tests.DatabaseTests.DatabaseServiceMockTest" tests="3" failures="0" timestamp="23 Oct 2013 16:53:52 GMT" time="2.002" errors="0">
  <testcase name="testGetSetName" time="0.001" classname="tests.DatabaseTests.DatabaseServiceMockTest"/>
  <testcase name="testAddUser" time="1.001" classname="tests.DatabaseTests.DatabaseServiceMockTest"/>
  <testcase name="testFindUser" time="1.000" classname="tests.DatabaseTests.DatabaseServiceMockTest"/>
</testsuite> <!-- tests.DatabaseTests.DatabaseServiceMockTest -->
