<?xml version="1.0" encoding="UTF-8"?>
<!-- Generated by org.testng.reporters.JUnitReportReporter -->
<testsuite hostname="maydar-N56VZ" name="tests.FrontendTests.PageGeneratorImplTest" tests="3" failures="0" timestamp="23 Oct 2013 16:53:52 GMT" time="0.017" errors="0">
  <testcase name="testGenerateResponseRegistrPage" time="0.005" classname="tests.FrontendTests.PageGeneratorImplTest"/>
  <testcase name="testGenerateResponsePage" time="0.006" classname="tests.FrontendTests.PageGeneratorImplTest"/>
  <testcase name="testGenerateGamePage" time="0.006" classname="tests.FrontendTests.PageGeneratorImplTest"/>
</testsuite> <!-- tests.FrontendTests.PageGeneratorImplTest -->
