<?xml version="1.0" encoding="UTF-8"?>
<!-- Generated by org.testng.reporters.JUnitReportReporter -->
<testsuite hostname="maydar-N56VZ" name="tests.FrontendTests.FrontendImplTest" tests="9" failures="0" timestamp="23 Oct 2013 16:53:52 GMT" time="0.022" errors="0">
  <testcase name="testDoAuthentification" time="0.008" classname="tests.FrontendTests.FrontendImplTest"/>
  <testcase name="testShowStartedGame" time="0.001" classname="tests.FrontendTests.FrontendImplTest"/>
  <testcase name="testHandle" time="0.003" classname="tests.FrontendTests.FrontendImplTest"/>
  <testcase name="testReplicateFromGM" time="0.001" classname="tests.FrontendTests.FrontendImplTest"/>
  <testcase name="testGetName" time="0.000" classname="tests.FrontendTests.FrontendImplTest"/>
  <testcase name="testStartGame" time="0.008" classname="tests.FrontendTests.FrontendImplTest"/>
  <testcase name="testGetAddress" time="0.001" classname="tests.FrontendTests.FrontendImplTest"/>
  <testcase name="testSetName" time="0.000" classname="tests.FrontendTests.FrontendImplTest"/>
  <testcase name="testUpdateUserId" time="0.000" classname="tests.FrontendTests.FrontendImplTest"/>
</testsuite> <!-- tests.FrontendTests.FrontendImplTest -->
