<?xml version="1.0" encoding="UTF-8"?>
<!-- Generated by org.testng.reporters.JUnitReportReporter -->
<testsuite hostname="maydar-N56VZ" name="tests.DatabaseTests.UsersDAOTest" tests="2" failures="0" timestamp="23 Oct 2013 16:27:45 GMT" time="0.000" errors="0">
  <testcase name="testAdd" time="0.000" classname="tests.DatabaseTests.UsersDAOTest"/>
  <testcase name="testGetByName" time="0.000" classname="tests.DatabaseTests.UsersDAOTest"/>
</testsuite> <!-- tests.DatabaseTests.UsersDAOTest -->
