<?xml version="1.0" encoding="UTF-8"?>
<!-- Generated by org.testng.reporters.JUnitReportReporter -->
<testsuite hostname="maydar-N56VZ" name="tests.ResourceTests.ResourceSystemImplTest" tests="2" failures="0" timestamp="23 Oct 2013 16:53:52 GMT" time="0.004" errors="0">
  <testcase name="testGetResource" time="0.002" classname="tests.ResourceTests.ResourceSystemImplTest"/>
  <testcase name="testLoadResources" time="0.002" classname="tests.ResourceTests.ResourceSystemImplTest"/>
</testsuite> <!-- tests.ResourceTests.ResourceSystemImplTest -->
