<?xml version="1.0" encoding="UTF-8"?>
<!-- Generated by org.testng.reporters.JUnitReportReporter -->
<testsuite hostname="maydar-N56VZ" name="tests.UtilsTests.ReflectionHelperTest" tests="2" failures="0" timestamp="23 Oct 2013 16:53:52 GMT" time="0.009" errors="0">
  <testcase name="testCreateInstance" time="0.009" classname="tests.UtilsTests.ReflectionHelperTest"/>
  <testcase name="testSetFieldValue" time="0.000" classname="tests.UtilsTests.ReflectionHelperTest"/>
</testsuite> <!-- tests.UtilsTests.ReflectionHelperTest -->
