<?xml version="1.0" encoding="UTF-8"?>
<!-- Generated by org.testng.reporters.JUnitReportReporter -->
<testsuite hostname="maydar-N56VZ" name="tests.DatabaseTests.UsersDataSetTest" tests="2" failures="0" timestamp="23 Oct 2013 16:53:52 GMT" time="0.001" errors="0">
  <testcase name="testGetName" time="0.000" classname="tests.DatabaseTests.UsersDataSetTest"/>
  <testcase name="testGetId" time="0.001" classname="tests.DatabaseTests.UsersDataSetTest"/>
</testsuite> <!-- tests.DatabaseTests.UsersDataSetTest -->
