<?xml version="1.0" encoding="UTF-8"?>
<!-- Generated by org.testng.reporters.JUnitReportReporter -->
<testsuite hostname="maydar-N56VZ" name="tests.GameMechanicTests.GameMechanicsImplTest" tests="4" failures="0" timestamp="23 Oct 2013 16:53:52 GMT" time="0.004" errors="0">
  <testcase name="testGetSetName" time="0.000" classname="tests.GameMechanicTests.GameMechanicsImplTest"/>
  <testcase name="testGetAddress" time="0.000" classname="tests.GameMechanicTests.GameMechanicsImplTest"/>
  <testcase name="testDoProgress" time="0.001" classname="tests.GameMechanicTests.GameMechanicsImplTest"/>
  <testcase name="testStartGame" time="0.003" classname="tests.GameMechanicTests.GameMechanicsImplTest"/>
</testsuite> <!-- tests.GameMechanicTests.GameMechanicsImplTest -->
