<?xml version="1.0" encoding="UTF-8"?>
<!-- Generated by org.testng.reporters.JUnitReportReporter -->
<testsuite hostname="maydar-N56VZ" name="tests.UtilsTests.VFSImplTest" tests="4" failures="0" timestamp="23 Oct 2013 16:53:52 GMT" time="0.003" errors="0">
  <testcase name="testFileIterator" time="0.000" classname="tests.UtilsTests.VFSImplTest"/>
  <testcase name="testGetBytes" time="0.002" classname="tests.UtilsTests.VFSImplTest"/>
  <testcase name="testGetUTF8Text" time="0.001" classname="tests.UtilsTests.VFSImplTest"/>
  <testcase name="testMainFunctions" time="0.000" classname="tests.UtilsTests.VFSImplTest"/>
</testsuite> <!-- tests.UtilsTests.VFSImplTest -->
