<?xml version="1.0" encoding="UTF-8"?>
<!-- Generated by org.testng.reporters.JUnitReportReporter -->
<testsuite hostname="maydar-N56VZ" name="tests.ResourceTests.DbConnectionResourceTest" tests="6" failures="0" timestamp="23 Oct 2013 16:53:52 GMT" time="0.002" errors="0">
  <testcase name="testHibernateDialect" time="0.000" classname="tests.ResourceTests.DbConnectionResourceTest"/>
  <testcase name="testSetURL" time="0.000" classname="tests.ResourceTests.DbConnectionResourceTest"/>
  <testcase name="testSetPassword" time="0.000" classname="tests.ResourceTests.DbConnectionResourceTest"/>
  <testcase name="testSetUsername" time="0.001" classname="tests.ResourceTests.DbConnectionResourceTest"/>
  <testcase name="testSetDriver" time="0.000" classname="tests.ResourceTests.DbConnectionResourceTest"/>
  <testcase name="testSetHibernateHbm2ddlAuto" time="0.001" classname="tests.ResourceTests.DbConnectionResourceTest"/>
</testsuite> <!-- tests.ResourceTests.DbConnectionResourceTest -->
