<?xml version="1.0" encoding="UTF-8"?>
<!-- Generated by org.testng.reporters.JUnitReportReporter -->
<testsuite hostname="maydar-N56VZ" name="tests.UtilsTests.LongIdTest" tests="3" failures="0" timestamp="23 Oct 2013 16:53:52 GMT" time="0.001" errors="0">
  <testcase name="testEquals" time="0.001" classname="tests.UtilsTests.LongIdTest"/>
  <testcase name="testHashCode" time="0.000" classname="tests.UtilsTests.LongIdTest"/>
  <testcase name="testGetLong" time="0.000" classname="tests.UtilsTests.LongIdTest"/>
</testsuite> <!-- tests.UtilsTests.LongIdTest -->
