<?xml version="1.0" encoding="UTF-8"?>
<!-- Generated by org.testng.reporters.JUnitReportReporter -->
<testsuite hostname="maydar-N56VZ" name="tests.UtilsTests.ThreadHelperTest" tests="1" failures="0" timestamp="22 Oct 2013 17:53:18 GMT" time="1.007" errors="0">
  <testcase name="testSleep" time="1.007" classname="tests.UtilsTests.ThreadHelperTest"/>
</testsuite> <!-- tests.UtilsTests.ThreadHelperTest -->
