<?xml version="1.0" encoding="UTF-8" ?>
<testsuite failures="0" time="3.002" errors="0" skipped="0" tests="50" name="TestSuite">
  <properties>
    <property name="java.runtime.name" value="OpenJDK Runtime Environment"/>
    <property name="sun.boot.library.path" value="/usr/lib/jvm/java-7-openjdk-amd64/jre/lib/amd64"/>
    <property name="java.vm.version" value="23.7-b01"/>
    <property name="awt.useSystemAAFontSettings" value="on"/>
    <property name="java.vm.vendor" value="Oracle Corporation"/>
    <property name="java.vendor.url" value="http://java.oracle.com/"/>
    <property name="path.separator" value=":"/>
    <property name="guice.disable.misplaced.annotation.check" value="true"/>
    <property name="java.vm.name" value="OpenJDK 64-Bit Server VM"/>
    <property name="file.encoding.pkg" value="sun.io"/>
    <property name="idea.launcher.port" value="7532"/>
    <property name="user.country" value="RU"/>
    <property name="sun.java.launcher" value="SUN_STANDARD"/>
    <property name="sun.os.patch.level" value="unknown"/>
    <property name="java.vm.specification.name" value="Java Virtual Machine Specification"/>
    <property name="user.dir" value="/home/maydar/Javaprojects/ButtonClickGame"/>
    <property name="java.runtime.version" value="1.7.0_25-b30"/>
    <property name="java.awt.graphicsenv" value="sun.awt.X11GraphicsEnvironment"/>
    <property name="java.endorsed.dirs" value="/usr/lib/jvm/java-7-openjdk-amd64/jre/lib/endorsed"/>
    <property name="os.arch" value="amd64"/>
    <property name="java.io.tmpdir" value="/tmp"/>
    <property name="line.separator" value="
"/>
    <property name="java.vm.specification.vendor" value="Oracle Corporation"/>
    <property name="os.name" value="Linux"/>
    <property name="classworlds.conf" value="/usr/share/maven/bin/m2.conf"/>
    <property name="sun.jnu.encoding" value="UTF-8"/>
    <property name="java.library.path" value=".::/usr/java/packages/lib/amd64:/usr/lib/jni:/lib:/usr/lib"/>
    <property name="java.specification.name" value="Java Platform API Specification"/>
    <property name="java.class.version" value="51.0"/>
    <property name="sun.management.compiler" value="HotSpot 64-Bit Tiered Compilers"/>
    <property name="os.version" value="3.8.0-31-generic"/>
    <property name="user.home" value="/home/maydar"/>
    <property name="user.timezone" value="Europe/Moscow"/>
    <property name="java.awt.printerjob" value="sun.print.PSPrinterJob"/>
    <property name="java.specification.version" value="1.7"/>
    <property name="idea.launcher.bin.path" value="/home/maydar/idea-IU-129.1359/bin"/>
    <property name="file.encoding" value="UTF-8"/>
    <property name="user.name" value="maydar"/>
    <property name="java.class.path" value="/usr/share/maven/boot/plexus-classworlds-2.x.jar:/home/maydar/idea-IU-129.1359/lib/idea_rt.jar"/>
    <property name="java.vm.specification.version" value="1.7"/>
    <property name="sun.arch.data.model" value="64"/>
    <property name="java.home" value="/usr/lib/jvm/java-7-openjdk-amd64/jre"/>
    <property name="sun.java.command" value="com.intellij.rt.execution.application.AppMain org.codehaus.classworlds.Launcher --fail-fast --strict-checksums test"/>
    <property name="java.specification.vendor" value="Oracle Corporation"/>
    <property name="user.language" value="ru"/>
    <property name="awt.toolkit" value="sun.awt.X11.XToolkit"/>
    <property name="java.vm.info" value="mixed mode"/>
    <property name="java.version" value="1.7.0_25"/>
    <property name="swing.defaultlaf" value="com.sun.java.swing.plaf.gtk.GTKLookAndFeel"/>
    <property name="java.ext.dirs" value="/usr/lib/jvm/java-7-openjdk-amd64/jre/lib/ext:/usr/java/packages/lib/ext"/>
    <property name="securerandom.source" value="file:/dev/./urandom"/>
    <property name="sun.boot.class.path" value="/usr/lib/jvm/java-7-openjdk-amd64/jre/lib/resources.jar:/usr/lib/jvm/java-7-openjdk-amd64/jre/lib/rt.jar:/usr/lib/jvm/java-7-openjdk-amd64/jre/lib/sunrsasign.jar:/usr/lib/jvm/java-7-openjdk-amd64/jre/lib/jsse.jar:/usr/lib/jvm/java-7-openjdk-amd64/jre/lib/jce.jar:/usr/lib/jvm/java-7-openjdk-amd64/jre/lib/charsets.jar:/usr/lib/jvm/java-7-openjdk-amd64/jre/lib/netx.jar:/usr/lib/jvm/java-7-openjdk-amd64/jre/lib/plugin.jar:/usr/lib/jvm/java-7-openjdk-amd64/jre/lib/rhino.jar:/usr/lib/jvm/java-7-openjdk-amd64/jre/lib/jfr.jar:/usr/lib/jvm/java-7-openjdk-amd64/jre/classes"/>
    <property name="java.vendor" value="Oracle Corporation"/>
    <property name="maven.home" value="/usr/share/maven"/>
    <property name="swing.aatext" value="true"/>
    <property name="file.separator" value="/"/>
    <property name="java.vendor.url.bug" value="http://bugreport.sun.com/bugreport/"/>
    <property name="sun.cpu.endian" value="little"/>
    <property name="sun.io.unicode.encoding" value="UnicodeLittle"/>
    <property name="sun.desktop" value="gnome"/>
    <property name="sun.cpu.isalist" value=""/>
  </properties>
  <testcase time="0.002" classname="tests.MessageSystemTests.AddressServiceImplTest" name="testGetSetAddress"/>
  <testcase time="0" classname="tests.UtilsTests.ContextTest" name="testAddGet"/>
  <testcase time="0.001" classname="tests.DatabaseTests.DatabaseServiceMockTest" name="testGetSetName"/>
  <testcase time="0" classname="tests.ResourceTests.DbConnectionResourceTest" name="testHibernateDialect"/>
  <testcase time="0" classname="tests.ResourceTests.DbConnectionResourceTest" name="testSetDriver"/>
  <testcase time="0" classname="tests.ResourceTests.DbConnectionResourceTest" name="testSetHibernateHbm2ddlAuto"/>
  <testcase time="0" classname="tests.ResourceTests.DbConnectionResourceTest" name="testSetPassword"/>
  <testcase time="0" classname="tests.ResourceTests.DbConnectionResourceTest" name="testSetURL"/>
  <testcase time="0" classname="tests.ResourceTests.DbConnectionResourceTest" name="testSetUsername"/>
  <testcase time="0.008" classname="tests.FrontendTests.FrontendImplTest" name="testDoAuthentification"/>
  <testcase time="0" classname="tests.FrontendTests.FrontendImplTest" name="testGetAddress"/>
  <testcase time="0.001" classname="tests.FrontendTests.FrontendImplTest" name="testGetName"/>
  <testcase time="0.003" classname="tests.FrontendTests.FrontendImplTest" name="testHandle"/>
  <testcase time="0" classname="tests.FrontendTests.FrontendImplTest" name="testSetName"/>
  <testcase time="0.001" classname="tests.FrontendTests.FrontendImplTest" name="testShowStartedGame"/>
  <testcase time="0.008" classname="tests.FrontendTests.FrontendImplTest" name="testStartGame"/>
  <testcase time="0" classname="tests.FrontendTests.FrontendImplTest" name="testUpdateUserId"/>
  <testcase time="0" classname="tests.GameMechanicTests.GameMechanicsImplTest" name="testGetAddress"/>
  <testcase time="0" classname="tests.GameMechanicTests.GameMechanicsImplTest" name="testGetSetName"/>
  <testcase time="0.002" classname="tests.GameMechanicTests.GameMechanicsImplTest" name="testStartGame"/>
  <testcase time="0" classname="tests.GameMechanicTests.GameSessionTest" name="testGameSession"/>
  <testcase time="0.001" classname="tests.MessageSystemTests.MsgAddUserIdTest" name="testCreateMsg"/>
  <testcase time="0" classname="tests.MessageSystemTests.MsgGameStartedTest" name="testCreateMsgGameStarted"/>
  <testcase time="0" classname="tests.MessageSystemTests.MsgGetUserIdTest" name="testCreateMsgGetUser"/>
  <testcase time="0" classname="tests.MessageSystemTests.MsgStartGameTest" name="testMsgStartGame"/>
  <testcase time="0" classname="tests.MessageSystemTests.MsgUpdateUserIdTest" name="testCreateMsgUserUpdate"/>
  <testcase time="0.006" classname="tests.FrontendTests.PageGeneratorImplTest" name="testGenerateGamePage"/>
  <testcase time="0.005" classname="tests.FrontendTests.PageGeneratorImplTest" name="testGenerateResponsePage"/>
  <testcase time="0.005" classname="tests.FrontendTests.PageGeneratorImplTest" name="testGenerateResponseRegistrPage"/>
  <testcase time="0.009" classname="tests.UtilsTests.ReflectionHelperTest" name="testCreateInstance"/>
  <testcase time="0" classname="tests.UtilsTests.ReflectionHelperTest" name="testSetFieldValue"/>
  <testcase time="0.002" classname="tests.ResourceTests.ResourceSystemImplTest" name="testGetResource"/>
  <testcase time="0.002" classname="tests.ResourceTests.ResourceSystemImplTest" name="testLoadResources"/>
  <testcase time="0.002" classname="tests.FrontendTests.UserSessionTest" name="createUserSessionTest"/>
  <testcase time="0.001" classname="tests.DatabaseTests.UsersDataSetTest" name="testGetId"/>
  <testcase time="0" classname="tests.DatabaseTests.UsersDataSetTest" name="testGetName"/>
  <testcase time="0" classname="tests.MessageSystemTests.MsgClickTest" name="testMsgClickCreate"/>
  <testcase time="0" classname="tests.UtilsTests.LongIdTest" name="testEquals"/>
  <testcase time="0" classname="tests.UtilsTests.LongIdTest" name="testGetLong"/>
  <testcase time="0" classname="tests.UtilsTests.LongIdTest" name="testHashCode"/>
  <testcase time="0" classname="tests.MessageSystemTests.MessageSystemImplTest" name="testSendMessage"/>
  <testcase time="0" classname="tests.MessageSystemTests.MessageSystemImplTest" name="testAddServiceAndGetQueue"/>
  <testcase time="0.002" classname="tests.UtilsTests.VFSImplTest" name="testGetBytes"/>
  <testcase time="0.002" classname="tests.UtilsTests.VFSImplTest" name="testGetUTF8Text"/>
  <testcase time="0" classname="tests.UtilsTests.VFSImplTest" name="testFileIterator"/>
  <testcase time="0" classname="tests.UtilsTests.VFSImplTest" name="testMainFunctions"/>
  <testcase time="1.001" classname="tests.DatabaseTests.DatabaseServiceMockTest" name="testAddUser"/>
  <testcase time="1.001" classname="tests.DatabaseTests.DatabaseServiceMockTest" name="testFindUser"/>
  <testcase time="0" classname="tests.FrontendTests.FrontendImplTest" name="testReplicateFromGM"/>
  <testcase time="0" classname="tests.GameMechanicTests.GameMechanicsImplTest" name="testDoProgress"/>
</testsuite>